<?xml version="1.0" encoding="UTF-8"?>
<!-- Generated by org.testng.reporters.JUnitReportReporter -->
<testsuite hostname="Bunty" failures="0" tests="1" name="Basepack.BaseClass" time="18.191" errors="0" timestamp="2024-03-13T13:25:03 IST" skipped="0">
  <testcase classname="Basepack.BaseClass" name="login" time="18.191"/>
  <system-out/>
</testsuite> <!-- Basepack.BaseClass -->
